# JRE version: Java(TM) SE Runtime Environment (8.0_102-b14) (build 1.8.0_102-b14)
# Java VM: Java HotSpot(TM) 64-Bit Server VM (25.102-b14 mixed mode windows-amd64 compressed oops)
Heap:
 PSYoungGen      total 311296K, used 106473K [0x000000076c500000, 0x000000078c680000, 0x00000007c0000000)
  eden space 290304K, 36% used [0x000000076c500000,0x0000000772cfa7a0,0x000000077e080000)
  from space 20992K, 0% used [0x000000077e080000,0x000000077e080000,0x000000077f500000)
  to   space 24064K, 0% used [0x000000078af00000,0x000000078af00000,0x000000078c680000)
 ParOldGen       total 155136K, used 33868K [0x00000006c4e00000, 0x00000006ce580000, 0x000000076c500000)
  object space 155136K, 21% used [0x00000006c4e00000,0x00000006c6f13078,0x00000006ce580000)
 Metaspace       used 62458K, capacity 65373K, committed 65624K, reserved 1105920K
  class space    used 8540K, capacity 9054K, committed 9088K, reserved 1048576K
GC Heap History (10 events):
Event: 10.446 GC heap before
{Heap before GC invocations=6 (full 1):
 PSYoungGen      total 204800K, used 164189K [0x000000076c500000, 0x000000077d480000, 0x00000007c0000000)
  eden space 195584K, 79% used [0x000000076c500000,0x0000000775cc2f88,0x0000000778400000)
  from space 9216K, 95% used [0x000000077cb80000,0x000000077d4146a0,0x000000077d480000)
  to   space 10752K, 0% used [0x000000077bf80000,0x000000077bf80000,0x000000077ca00000)
 ParOldGen       total 100864K, used 8383K [0x00000006c4e00000, 0x00000006cb080000, 0x000000076c500000)
  object space 100864K, 8% used [0x00000006c4e00000,0x00000006c562fd70,0x00000006cb080000)
 Metaspace       used 33788K, capacity 35403K, committed 35416K, reserved 1079296K
  class space    used 4432K, capacity 4736K, committed 4736K, reserved 1048576K
Event: 10.466 GC heap after
Heap after GC invocations=6 (full 1):
 PSYoungGen      total 267264K, used 10749K [0x000000076c500000, 0x0000000780300000, 0x00000007c0000000)
  eden space 256512K, 0% used [0x000000076c500000,0x000000076c500000,0x000000077bf80000)
  from space 10752K, 99% used [0x000000077bf80000,0x000000077c9ff5d8,0x000000077ca00000)
  to   space 14336K, 0% used [0x000000077f500000,0x000000077f500000,0x0000000780300000)
 ParOldGen       total 100864K, used 12885K [0x00000006c4e00000, 0x00000006cb080000, 0x000000076c500000)
  object space 100864K, 12% used [0x00000006c4e00000,0x00000006c5a95710,0x00000006cb080000)
 Metaspace       used 33788K, capacity 35403K, committed 35416K, reserved 1079296K
  class space    used 4432K, capacity 4736K, committed 4736K, reserved 1048576K
}
Event: 10.466 GC heap before
{Heap before GC invocations=7 (full 2):
 PSYoungGen      total 267264K, used 10749K [0x000000076c500000, 0x0000000780300000, 0x00000007c0000000)
  eden space 256512K, 0% used [0x000000076c500000,0x000000076c500000,0x000000077bf80000)
  from space 10752K, 99% used [0x000000077bf80000,0x000000077c9ff5d8,0x000000077ca00000)
  to   space 14336K, 0% used [0x000000077f500000,0x000000077f500000,0x0000000780300000)
 ParOldGen       total 100864K, used 12885K [0x00000006c4e00000, 0x00000006cb080000, 0x000000076c500000)
  object space 100864K, 12% used [0x00000006c4e00000,0x00000006c5a95710,0x00000006cb080000)
 Metaspace       used 33788K, capacity 35403K, committed 35416K, reserved 1079296K
  class space    used 4432K, capacity 4736K, committed 4736K, reserved 1048576K
Event: 10.526 GC heap after
Heap after GC invocations=7 (full 2):
 PSYoungGen      total 267264K, used 0K [0x000000076c500000, 0x0000000780300000, 0x00000007c0000000)
  eden space 256512K, 0% used [0x000000076c500000,0x000000076c500000,0x000000077bf80000)
  from space 10752K, 0% used [0x000000077bf80000,0x000000077bf80000,0x000000077ca00000)
  to   space 14336K, 0% used [0x000000077f500000,0x000000077f500000,0x0000000780300000)
 ParOldGen       total 155136K, used 19752K [0x00000006c4e00000, 0x00000006ce580000, 0x000000076c500000)
  object space 155136K, 12% used [0x00000006c4e00000,0x00000006c614a210,0x00000006ce580000)
 Metaspace       used 33788K, capacity 35403K, committed 35416K, reserved 1079296K
  class space    used 4432K, capacity 4736K, committed 4736K, reserved 1048576K
}
Event: 13.731 GC heap before
{Heap before GC invocations=8 (full 2):
 PSYoungGen      total 267264K, used 256512K [0x000000076c500000, 0x0000000780300000, 0x00000007c0000000)
  eden space 256512K, 100% used [0x000000076c500000,0x000000077bf80000,0x000000077bf80000)
  from space 10752K, 0% used [0x000000077bf80000,0x000000077bf80000,0x000000077ca00000)
  to   space 14336K, 0% used [0x000000077f500000,0x000000077f500000,0x0000000780300000)
 ParOldGen       total 155136K, used 19752K [0x00000006c4e00000, 0x00000006ce580000, 0x000000076c500000)
  object space 155136K, 12% used [0x00000006c4e00000,0x00000006c614a210,0x00000006ce580000)
 Metaspace       used 48594K, capacity 50547K, committed 50904K, reserved 1093632K
  class space    used 6470K, capacity 6857K, committed 6912K, reserved 1048576K
Event: 13.752 GC heap after
Heap after GC invocations=8 (full 2):
 PSYoungGen      total 304640K, used 14325K [0x000000076c500000, 0x0000000786f00000, 0x00000007c0000000)
  eden space 290304K, 0% used [0x000000076c500000,0x000000076c500000,0x000000077e080000)
  from space 14336K, 99% used [0x000000077f500000,0x00000007802fd7c8,0x0000000780300000)
  to   space 20992K, 0% used [0x000000077e080000,0x000000077e080000,0x000000077f500000)
 ParOldGen       total 155136K, used 27609K [0x00000006c4e00000, 0x00000006ce580000, 0x000000076c500000)
  object space 155136K, 17% used [0x00000006c4e00000,0x00000006c68f65f8,0x00000006ce580000)
 Metaspace       used 48594K, capacity 50547K, committed 50904K, reserved 1093632K
  class space    used 6470K, capacity 6857K, committed 6912K, reserved 1048576K
}
Event: 14.569 GC heap before
{Heap before GC invocations=9 (full 2):
 PSYoungGen      total 304640K, used 91113K [0x000000076c500000, 0x0000000786f00000, 0x00000007c0000000)
  eden space 290304K, 26% used [0x000000076c500000,0x0000000770ffcd50,0x000000077e080000)
  from space 14336K, 99% used [0x000000077f500000,0x00000007802fd7c8,0x0000000780300000)
  to   space 20992K, 0% used [0x000000077e080000,0x000000077e080000,0x000000077f500000)
 ParOldGen       total 155136K, used 27609K [0x00000006c4e00000, 0x00000006ce580000, 0x000000076c500000)
  object space 155136K, 17% used [0x00000006c4e00000,0x00000006c68f65f8,0x00000006ce580000)
 Metaspace       used 56737K, capacity 58707K, committed 59028K, reserved 1099776K
  class space    used 7715K, capacity 8121K, committed 8192K, reserved 1048576K
Event: 14.600 GC heap after
Heap after GC invocations=9 (full 2):
 PSYoungGen      total 311296K, used 20485K [0x000000076c500000, 0x000000078c680000, 0x00000007c0000000)
  eden space 290304K, 0% used [0x000000076c500000,0x000000076c500000,0x000000077e080000)
  from space 20992K, 97% used [0x000000077e080000,0x000000077f4815c8,0x000000077f500000)
  to   space 24064K, 0% used [0x000000078af00000,0x000000078af00000,0x000000078c680000)
 ParOldGen       total 155136K, used 27617K [0x00000006c4e00000, 0x00000006ce580000, 0x000000076c500000)
  object space 155136K, 17% used [0x00000006c4e00000,0x00000006c68f85f8,0x00000006ce580000)
 Metaspace       used 56737K, capacity 58707K, committed 59028K, reserved 1099776K
  class space    used 7715K, capacity 8121K, committed 8192K, reserved 1048576K
}
Event: 14.600 GC heap before
{Heap before GC invocations=10 (full 3):
 PSYoungGen      total 311296K, used 20485K [0x000000076c500000, 0x000000078c680000, 0x00000007c0000000)
  eden space 290304K, 0% used [0x000000076c500000,0x000000076c500000,0x000000077e080000)
  from space 20992K, 97% used [0x000000077e080000,0x000000077f4815c8,0x000000077f500000)
  to   space 24064K, 0% used [0x000000078af00000,0x000000078af00000,0x000000078c680000)
 ParOldGen       total 155136K, used 27617K [0x00000006c4e00000, 0x00000006ce580000, 0x000000076c500000)
  object space 155136K, 17% used [0x00000006c4e00000,0x00000006c68f85f8,0x00000006ce580000)
 Metaspace       used 56737K, capacity 58707K, committed 59028K, reserved 1099776K
  class space    used 7715K, capacity 8121K, committed 8192K, reserved 1048576K
Event: 14.724 GC heap after
Heap after GC invocations=10 (full 3):
 PSYoungGen      total 311296K, used 0K [0x000000076c500000, 0x000000078c680000, 0x00000007c0000000)
  eden space 290304K, 0% used [0x000000076c500000,0x000000076c500000,0x000000077e080000)
  from space 20992K, 0% used [0x000000077e080000,0x000000077e080000,0x000000077f500000)
  to   space 24064K, 0% used [0x000000078af00000,0x000000078af00000,0x000000078c680000)
 ParOldGen       total 155136K, used 33868K [0x00000006c4e00000, 0x00000006ce580000, 0x000000076c500000)
  object space 155136K, 21% used [0x00000006c4e00000,0x00000006c6f13078,0x00000006ce580000)
 Metaspace       used 56737K, capacity 58707K, committed 59028K, reserved 1099776K
  class space    used 7715K, capacity 8121K, committed 8192K, reserved 1048576K
}

